<?xml version="1.0" encoding="UTF-8"?>
<!-- Generated by org.testng.reporters.JUnitReportReporter -->
<testsuite hostname="DESKTOP-ILARKNK" failures="0" tests="3" name="testng.LoanTest" time="0.041" errors="0" timestamp="19 Sep 2024 11:28:12 GMT" skipped="1">
  <testcase classname="testng.LoanTest" name="TC00_PersonalLoanTest" time="0.020"/>
  <testcase classname="testng.LoanTest" name="TC02_CarLoanTest" time="0.021"/>
  <testcase classname="testng.LoanTest" name="TC01_HomeLoanTest">
    <skipped/>
  </testcase> <!-- TC01_HomeLoanTest -->
</testsuite> <!-- testng.LoanTest -->
