<?xml version="1.0" encoding="UTF-8"?>
<!-- Generated by org.testng.reporters.JUnitReportReporter -->
<testsuite hostname="DESKTOP-ILARKNK" failures="0" tests="1" name="testng.CardTest" time="0.024" errors="0" timestamp="19 Sep 2024 11:41:31 GMT" skipped="0">
  <testcase classname="testng.CardTest" name="TC01_CreditCardTest" time="0.024"/>
</testsuite> <!-- testng.CardTest -->
